<?xml version="1.0" encoding="UTF-8" ?>
<testsuite tests="24" failures="0" name="com.basic.MyFirstSelenium.RunnerFirstSeleniumScriptTest" time="0.167" errors="4" skipped="12">
  <properties>
    <property name="java.runtime.name" value="Java(TM) SE Runtime Environment"/>
    <property name="sun.boot.library.path" value="C:\Program Files\Java\jre1.8.0_241\bin"/>
    <property name="java.vm.version" value="25.241-b07"/>
    <property name="java.vm.vendor" value="Oracle Corporation"/>
    <property name="maven.multiModuleProjectDirectory" value="C:\Users\DELL\workspace\B22FinalRestAssuredCucumberProject"/>
    <property name="java.vendor.url" value="http://java.oracle.com/"/>
    <property name="path.separator" value=";"/>
    <property name="guice.disable.misplaced.annotation.check" value="true"/>
    <property name="java.vm.name" value="Java HotSpot(TM) 64-Bit Server VM"/>
    <property name="file.encoding.pkg" value="sun.io"/>
    <property name="user.script" value=""/>
    <property name="user.country" value="IN"/>
    <property name="sun.java.launcher" value="SUN_STANDARD"/>
    <property name="sun.os.patch.level" value=""/>
    <property name="java.vm.specification.name" value="Java Virtual Machine Specification"/>
    <property name="user.dir" value="C:\Users\DELL\workspace\B22FinalRestAssuredCucumberProject"/>
    <property name="java.runtime.version" value="1.8.0_241-b07"/>
    <property name="java.awt.graphicsenv" value="sun.awt.Win32GraphicsEnvironment"/>
    <property name="java.endorsed.dirs" value="C:\Program Files\Java\jre1.8.0_241\lib\endorsed"/>
    <property name="os.arch" value="amd64"/>
    <property name="java.io.tmpdir" value="C:\Users\DELL\AppData\Local\Temp\"/>
    <property name="line.separator" value="
"/>
    <property name="java.vm.specification.vendor" value="Oracle Corporation"/>
    <property name="user.variant" value=""/>
    <property name="os.name" value="Windows 10"/>
    <property name="classworlds.conf" value="C:\Users\DELL\workspace\.metadata\.plugins\org.eclipse.m2e.launching\launches\m2conf8102956525198874997.tmp"/>
    <property name="sun.jnu.encoding" value="Cp1252"/>
    <property name="java.library.path" value="C:\Program Files\Java\jre1.8.0_241\bin;C:\WINDOWS\Sun\Java\bin;C:\WINDOWS\system32;C:\WINDOWS;C:/Program Files/Java/jre1.8.0_241/bin/server;C:/Program Files/Java/jre1.8.0_241/bin;C:/Program Files/Java/jre1.8.0_241/lib/amd64;C:\Program Files (x86)\Common Files\Oracle\Java\javapath;C:\WINDOWS\system32;C:\WINDOWS;C:\WINDOWS\System32\Wbem;C:\WINDOWS\System32\WindowsPowerShell\v1.0\;C:\WINDOWS\System32\OpenSSH\;C:\Program Files (x86)\Intel\Intel(R) Management Engine Components\DAL;C:\Program Files\Intel\Intel(R) Management Engine Components\DAL;C:\Users\DELL\AppData\Local\Microsoft\WindowsApps;;E:\Madhura\RadicalSelinumTraining\5Apr2020\Eclipse_Java_Setups\eclipse;;."/>
    <property name="java.specification.name" value="Java Platform API Specification"/>
    <property name="java.class.version" value="52.0"/>
    <property name="sun.management.compiler" value="HotSpot 64-Bit Tiered Compilers"/>
    <property name="os.version" value="10.0"/>
    <property name="user.home" value="C:\Users\DELL"/>
    <property name="user.timezone" value="Asia/Calcutta"/>
    <property name="java.awt.printerjob" value="sun.awt.windows.WPrinterJob"/>
    <property name="java.specification.version" value="1.8"/>
    <property name="file.encoding" value="Cp1252"/>
    <property name="user.name" value="DELL"/>
    <property name="java.class.path" value="/E:/Madhura/RadicalSelinumTraining/5Apr2020/Eclipse_Java_Setups/eclipse/plugins/org.eclipse.m2e.maven.runtime_1.7.0.20160603-1931/jars/plexus-classworlds-2.5.2.jar"/>
    <property name="java.vm.specification.version" value="1.8"/>
    <property name="sun.arch.data.model" value="64"/>
    <property name="java.home" value="C:\Program Files\Java\jre1.8.0_241"/>
    <property name="sun.java.command" value="org.codehaus.plexus.classworlds.launcher.Launcher -B test"/>
    <property name="java.specification.vendor" value="Oracle Corporation"/>
    <property name="user.language" value="en"/>
    <property name="awt.toolkit" value="sun.awt.windows.WToolkit"/>
    <property name="java.vm.info" value="mixed mode"/>
    <property name="java.version" value="1.8.0_241"/>
    <property name="java.ext.dirs" value="C:\Program Files\Java\jre1.8.0_241\lib\ext;C:\WINDOWS\Sun\Java\lib\ext"/>
    <property name="sun.boot.class.path" value="C:\Program Files\Java\jre1.8.0_241\lib\resources.jar;C:\Program Files\Java\jre1.8.0_241\lib\rt.jar;C:\Program Files\Java\jre1.8.0_241\lib\sunrsasign.jar;C:\Program Files\Java\jre1.8.0_241\lib\jsse.jar;C:\Program Files\Java\jre1.8.0_241\lib\jce.jar;C:\Program Files\Java\jre1.8.0_241\lib\charsets.jar;C:\Program Files\Java\jre1.8.0_241\lib\jfr.jar;C:\Program Files\Java\jre1.8.0_241\classes"/>
    <property name="java.vendor" value="Oracle Corporation"/>
    <property name="maven.home" value="C:\Users\DELL\workspace\B22FinalRestAssuredCucumberProject\EMBEDDED"/>
    <property name="file.separator" value="\"/>
    <property name="java.vendor.url.bug" value="http://bugreport.sun.com/bugreport/"/>
    <property name="sun.cpu.endian" value="little"/>
    <property name="sun.io.unicode.encoding" value="UnicodeLittle"/>
    <property name="sun.desktop" value="windows"/>
    <property name="sun.cpu.isalist" value="amd64"/>
  </properties>
  <testcase classname="Scenario: test all tabs on home page" name="Given User Opens seleniumhq website" time="0"/>
  <testcase classname="Scenario: test all tabs on home page" name="When user click on &quot;Project&quot; tab" time="0.001">
    <error type="java.lang.NullPointerException">java.lang.NullPointerException
	at com.basic.MyFirstSelenium.FirstSeleniumScriptSD.user_click_on_Project_tab(FirstSeleniumScriptSD.java:34)
	at ✽.When user click on &quot;Project&quot; tab(src/test/resources/com/basic/MyFirstSelenium/FirstSeleniumScriptFF.feature:5)
</error>
    <system-out>tab name = Project
</system-out>
  </testcase>
  <testcase classname="Scenario: test all tabs on home page" name="Scenario: test all tabs on home page" time="0.004">
    <error type="java.lang.NullPointerException">java.lang.NullPointerException
	at com.basic.MyFirstSelenium.FirstSeleniumScriptSD.user_click_on_Project_tab(FirstSeleniumScriptSD.java:34)
	at ✽.When user click on &quot;Project&quot; tab(src/test/resources/com/basic/MyFirstSelenium/FirstSeleniumScriptFF.feature:5)
</error>
  </testcase>
  <testcase classname="Scenario: test all tabs on home page" name="Then user checks About tab" time="0.005">
    <skipped/>
  </testcase>
  <testcase classname="Scenario: test all tabs on home page22" name="Given User Opens seleniumhq website" time="0"/>
  <testcase classname="Scenario: test all tabs on home page22" name="When user click on &quot;Documenation&quot; tab" time="0">
    <error type="java.lang.NullPointerException">java.lang.NullPointerException
	at com.basic.MyFirstSelenium.FirstSeleniumScriptSD.user_click_on_Project_tab(FirstSeleniumScriptSD.java:34)
	at ✽.When user click on &quot;Documenation&quot; tab(src/test/resources/com/basic/MyFirstSelenium/FirstSeleniumScriptFF.feature:10)
</error>
    <system-out>tab name = Documenation
</system-out>
  </testcase>
  <testcase classname="Scenario: test all tabs on home page22" name="Scenario: test all tabs on home page22" time="0">
    <error type="java.lang.NullPointerException">java.lang.NullPointerException
	at com.basic.MyFirstSelenium.FirstSeleniumScriptSD.user_click_on_Project_tab(FirstSeleniumScriptSD.java:34)
	at ✽.When user click on &quot;Documenation&quot; tab(src/test/resources/com/basic/MyFirstSelenium/FirstSeleniumScriptFF.feature:10)
</error>
  </testcase>
  <testcase classname="Scenario: test all tabs on home page22" name="Then user checks About tab" time="0">
    <skipped/>
  </testcase>
  <testcase classname="Scenario: test all tabs on home page33" name="Given User Opens seleniumhq website" time="0"/>
  <testcase classname="Scenario: test all tabs on home page33" name="When user click on Project tab" time="0.002">
    <skipped/>
  </testcase>
  <testcase classname="Scenario: test all tabs on home page33" name="Then user checks About tab" time="0.003">
    <skipped/>
  </testcase>
  <testcase classname="Scenario: test all tabs on home page33" name="Scenario: test all tabs on home page33" time="0.005">
    <skipped/>
  </testcase>
  <testcase classname="Scenario: test all tabs on home page33" name="Scenario: test all tabs on home page33" time="0.005"/>
  <testcase classname="Scenario: test all tabs on home page44" name="Given User Opens seleniumhq website" time="0"/>
  <testcase classname="Scenario: test all tabs on home page44" name="When user click on Project tab" time="0.024">
    <skipped/>
  </testcase>
  <testcase classname="Scenario: test all tabs on home page44" name="Then user checks About tab" time="0.024">
    <skipped/>
  </testcase>
  <testcase classname="Scenario: test all tabs on home page44" name="Scenario: test all tabs on home page44" time="0.027">
    <skipped/>
  </testcase>
  <testcase classname="Scenario: test all tabs on home page44" name="Scenario: test all tabs on home page44" time="0.027"/>
  <testcase classname="Scenario: test all tabs on home page44" name="Given User Opens seleniumhq website" time="0.001"/>
  <testcase classname="Scenario: test all tabs on home page44" name="When user enter following parameters" time="0.007">
    <skipped/>
  </testcase>
  <testcase classname="Scenario: test all tabs on home page44" name="When user click on submit button." time="0.008">
    <skipped/>
  </testcase>
  <testcase classname="Scenario: test all tabs on home page44" name="Then he checks address on profile page" time="0.008">
    <skipped/>
  </testcase>
  <testcase classname="Scenario: test all tabs on home page44" name="Scenario: test all tabs on home page44" time="0.008">
    <skipped/>
  </testcase>
  <testcase classname="Scenario: test all tabs on home page44" name="Scenario: test all tabs on home page44" time="0.008"/>
</testsuite>